Building DAG of jobs...
Using shell: /bin/bash
Provided cores: 56
Rules claiming more threads will be scaled down.
Job counts:
	count	jobs
	1	LD_pruning
	1	add_evo_info
	1	all
	1	calc_gamma
	1	plot_gamma
	1	plot_pca
	1	run_pca
	7

[Sun Oct  4 14:37:46 2020]
rule run_pca:
    input: 1kg_IDS/EAS.txt
    output: output/PCA/EAS/EAS_0.01.eigenvec, output/PCA/EAS/EAS_0.01.eigenvec.var
    jobid: 3
    wildcards: POP=EAS, MAF=0.01

[Sun Oct  4 14:37:47 2020]
Error in rule run_pca:
    jobid: 3
    output: output/PCA/EAS/EAS_0.01.eigenvec, output/PCA/EAS/EAS_0.01.eigenvec.var
    shell:
        plink -bfile ../../data/1kg/plink-files/files/ALL.phase3_shapeit2_mvncall_integrated_v5a.20130502.genotypes --keep 1kg_IDS/EAS.txt --pca var-wts --out output/PCA/EAS/EAS_0.01 --maf 0.01 --no-sex  --noweb --no-pheno
        (one of the commands exited with non-zero exit code; note that snakemake uses bash strict mode!)

Shutting down, this might take some time.
Exiting because a job execution failed. Look above for error message
Complete log: /project2/jjberg/jgblanc/1000G_Gamma/.snakemake/log/2020-10-04T143745.404725.snakemake.log
